<?xml version="1.0" encoding="UTF-8"?>
<testsuite xmlns:xsi="http://www.w3.org/2001/XMLSchema-instance" xsi:noNamespaceSchemaLocation="https://maven.apache.org/surefire/maven-surefire-plugin/xsd/surefire-test-report.xsd" version="3.0.2" name="com.calendario.trabajadores.services.user.UserServiceTest" time="5.795" tests="16" errors="0" skipped="0" failures="0">
  <properties>
    <property name="java.specification.version" value="21"/>
    <property name="sun.cpu.isalist" value="amd64"/>
    <property name="sun.jnu.encoding" value="Cp1252"/>
    <property name="java.class.path" value="D:\DAM\ProyectosIntelliJ2025\GestorTrabajadores\Backend\target\test-classes;D:\DAM\ProyectosIntelliJ2025\GestorTrabajadores\Backend\target\classes;C:\Users\Fabi\.m2\repository\org\springframework\boot\spring-boot-starter-web\3.4.2\spring-boot-starter-web-3.4.2.jar;C:\Users\Fabi\.m2\repository\org\springframework\boot\spring-boot-starter\3.4.2\spring-boot-starter-3.4.2.jar;C:\Users\Fabi\.m2\repository\org\springframework\boot\spring-boot-starter-logging\3.4.2\spring-boot-starter-logging-3.4.2.jar;C:\Users\Fabi\.m2\repository\ch\qos\logback\logback-classic\1.5.16\logback-classic-1.5.16.jar;C:\Users\Fabi\.m2\repository\ch\qos\logback\logback-core\1.5.16\logback-core-1.5.16.jar;C:\Users\Fabi\.m2\repository\org\apache\logging\log4j\log4j-to-slf4j\2.24.3\log4j-to-slf4j-2.24.3.jar;C:\Users\Fabi\.m2\repository\org\apache\logging\log4j\log4j-api\2.24.3\log4j-api-2.24.3.jar;C:\Users\Fabi\.m2\repository\org\slf4j\jul-to-slf4j\2.0.16\jul-to-slf4j-2.0.16.jar;C:\Users\Fabi\.m2\repository\jakarta\annotation\jakarta.annotation-api\2.1.1\jakarta.annotation-api-2.1.1.jar;C:\Users\Fabi\.m2\repository\org\yaml\snakeyaml\2.3\snakeyaml-2.3.jar;C:\Users\Fabi\.m2\repository\org\springframework\boot\spring-boot-starter-json\3.4.2\spring-boot-starter-json-3.4.2.jar;C:\Users\Fabi\.m2\repository\com\fasterxml\jackson\core\jackson-databind\2.18.2\jackson-databind-2.18.2.jar;C:\Users\Fabi\.m2\repository\com\fasterxml\jackson\core\jackson-annotations\2.18.2\jackson-annotations-2.18.2.jar;C:\Users\Fabi\.m2\repository\com\fasterxml\jackson\core\jackson-core\2.18.2\jackson-core-2.18.2.jar;C:\Users\Fabi\.m2\repository\com\fasterxml\jackson\datatype\jackson-datatype-jdk8\2.18.2\jackson-datatype-jdk8-2.18.2.jar;C:\Users\Fabi\.m2\repository\com\fasterxml\jackson\datatype\jackson-datatype-jsr310\2.18.2\jackson-datatype-jsr310-2.18.2.jar;C:\Users\Fabi\.m2\repository\com\fasterxml\jackson\module\jackson-module-parameter-names\2.18.2\jackson-module-parameter-names-2.18.2.jar;C:\Users\Fabi\.m2\repository\org\springframework\boot\spring-boot-starter-tomcat\3.4.2\spring-boot-starter-tomcat-3.4.2.jar;C:\Users\Fabi\.m2\repository\org\apache\tomcat\embed\tomcat-embed-core\10.1.34\tomcat-embed-core-10.1.34.jar;C:\Users\Fabi\.m2\repository\org\apache\tomcat\embed\tomcat-embed-websocket\10.1.34\tomcat-embed-websocket-10.1.34.jar;C:\Users\Fabi\.m2\repository\org\springframework\spring-web\6.2.2\spring-web-6.2.2.jar;C:\Users\Fabi\.m2\repository\org\springframework\spring-beans\6.2.2\spring-beans-6.2.2.jar;C:\Users\Fabi\.m2\repository\io\micrometer\micrometer-observation\1.14.3\micrometer-observation-1.14.3.jar;C:\Users\Fabi\.m2\repository\io\micrometer\micrometer-commons\1.14.3\micrometer-commons-1.14.3.jar;C:\Users\Fabi\.m2\repository\org\springframework\spring-webmvc\6.2.2\spring-webmvc-6.2.2.jar;C:\Users\Fabi\.m2\repository\org\springframework\spring-aop\6.2.2\spring-aop-6.2.2.jar;C:\Users\Fabi\.m2\repository\org\springframework\spring-context\6.2.2\spring-context-6.2.2.jar;C:\Users\Fabi\.m2\repository\org\springframework\spring-expression\6.2.2\spring-expression-6.2.2.jar;C:\Users\Fabi\.m2\repository\org\springframework\boot\spring-boot-starter-data-jpa\3.4.2\spring-boot-starter-data-jpa-3.4.2.jar;C:\Users\Fabi\.m2\repository\org\springframework\boot\spring-boot-starter-jdbc\3.4.2\spring-boot-starter-jdbc-3.4.2.jar;C:\Users\Fabi\.m2\repository\com\zaxxer\HikariCP\5.1.0\HikariCP-5.1.0.jar;C:\Users\Fabi\.m2\repository\org\springframework\spring-jdbc\6.2.2\spring-jdbc-6.2.2.jar;C:\Users\Fabi\.m2\repository\org\springframework\data\spring-data-jpa\3.4.2\spring-data-jpa-3.4.2.jar;C:\Users\Fabi\.m2\repository\org\springframework\data\spring-data-commons\3.4.2\spring-data-commons-3.4.2.jar;C:\Users\Fabi\.m2\repository\org\springframework\spring-orm\6.2.2\spring-orm-6.2.2.jar;C:\Users\Fabi\.m2\repository\org\springframework\spring-tx\6.2.2\spring-tx-6.2.2.jar;C:\Users\Fabi\.m2\repository\org\slf4j\slf4j-api\2.0.16\slf4j-api-2.0.16.jar;C:\Users\Fabi\.m2\repository\org\springframework\spring-aspects\6.2.2\spring-aspects-6.2.2.jar;C:\Users\Fabi\.m2\repository\org\aspectj\aspectjweaver\1.9.22.1\aspectjweaver-1.9.22.1.jar;C:\Users\Fabi\.m2\repository\org\springframework\boot\spring-boot-starter-validation\3.4.2\spring-boot-starter-validation-3.4.2.jar;C:\Users\Fabi\.m2\repository\org\apache\tomcat\embed\tomcat-embed-el\10.1.34\tomcat-embed-el-10.1.34.jar;C:\Users\Fabi\.m2\repository\org\hibernate\validator\hibernate-validator\8.0.2.Final\hibernate-validator-8.0.2.Final.jar;C:\Users\Fabi\.m2\repository\jakarta\validation\jakarta.validation-api\3.0.2\jakarta.validation-api-3.0.2.jar;C:\Users\Fabi\.m2\repository\org\springdoc\springdoc-openapi-starter-webmvc-ui\2.8.4\springdoc-openapi-starter-webmvc-ui-2.8.4.jar;C:\Users\Fabi\.m2\repository\org\springdoc\springdoc-openapi-starter-webmvc-api\2.8.4\springdoc-openapi-starter-webmvc-api-2.8.4.jar;C:\Users\Fabi\.m2\repository\org\springdoc\springdoc-openapi-starter-common\2.8.4\springdoc-openapi-starter-common-2.8.4.jar;C:\Users\Fabi\.m2\repository\io\swagger\core\v3\swagger-core-jakarta\2.2.28\swagger-core-jakarta-2.2.28.jar;C:\Users\Fabi\.m2\repository\org\apache\commons\commons-lang3\3.17.0\commons-lang3-3.17.0.jar;C:\Users\Fabi\.m2\repository\io\swagger\core\v3\swagger-annotations-jakarta\2.2.28\swagger-annotations-jakarta-2.2.28.jar;C:\Users\Fabi\.m2\repository\io\swagger\core\v3\swagger-models-jakarta\2.2.28\swagger-models-jakarta-2.2.28.jar;C:\Users\Fabi\.m2\repository\com\fasterxml\jackson\dataformat\jackson-dataformat-yaml\2.18.2\jackson-dataformat-yaml-2.18.2.jar;C:\Users\Fabi\.m2\repository\org\webjars\swagger-ui\5.18.2\swagger-ui-5.18.2.jar;C:\Users\Fabi\.m2\repository\org\webjars\webjars-locator-lite\1.0.1\webjars-locator-lite-1.0.1.jar;C:\Users\Fabi\.m2\repository\org\jspecify\jspecify\1.0.0\jspecify-1.0.0.jar;C:\Users\Fabi\.m2\repository\com\mysql\mysql-connector-j\9.1.0\mysql-connector-j-9.1.0.jar;C:\Users\Fabi\.m2\repository\org\mapstruct\mapstruct\1.6.3\mapstruct-1.6.3.jar;C:\Users\Fabi\.m2\repository\org\mapstruct\mapstruct-processor\1.6.3\mapstruct-processor-1.6.3.jar;C:\Users\Fabi\.m2\repository\org\projectlombok\lombok-mapstruct-binding\0.2.0\lombok-mapstruct-binding-0.2.0.jar;C:\Users\Fabi\.m2\repository\org\projectlombok\lombok\1.18.30\lombok-1.18.30.jar;C:\Users\Fabi\.m2\repository\org\springframework\boot\spring-boot-devtools\3.4.2\spring-boot-devtools-3.4.2.jar;C:\Users\Fabi\.m2\repository\org\springframework\boot\spring-boot\3.4.2\spring-boot-3.4.2.jar;C:\Users\Fabi\.m2\repository\org\springframework\boot\spring-boot-autoconfigure\3.4.2\spring-boot-autoconfigure-3.4.2.jar;C:\Users\Fabi\.m2\repository\org\hibernate\orm\hibernate-core\6.6.5.Final\hibernate-core-6.6.5.Final.jar;C:\Users\Fabi\.m2\repository\jakarta\transaction\jakarta.transaction-api\2.0.1\jakarta.transaction-api-2.0.1.jar;C:\Users\Fabi\.m2\repository\org\jboss\logging\jboss-logging\3.6.1.Final\jboss-logging-3.6.1.Final.jar;C:\Users\Fabi\.m2\repository\org\hibernate\common\hibernate-commons-annotations\7.0.3.Final\hibernate-commons-annotations-7.0.3.Final.jar;C:\Users\Fabi\.m2\repository\io\smallrye\jandex\3.2.0\jandex-3.2.0.jar;C:\Users\Fabi\.m2\repository\com\fasterxml\classmate\1.7.0\classmate-1.7.0.jar;C:\Users\Fabi\.m2\repository\net\bytebuddy\byte-buddy\1.15.11\byte-buddy-1.15.11.jar;C:\Users\Fabi\.m2\repository\jakarta\xml\bind\jakarta.xml.bind-api\4.0.2\jakarta.xml.bind-api-4.0.2.jar;C:\Users\Fabi\.m2\repository\jakarta\activation\jakarta.activation-api\2.1.3\jakarta.activation-api-2.1.3.jar;C:\Users\Fabi\.m2\repository\org\glassfish\jaxb\jaxb-runtime\4.0.5\jaxb-runtime-4.0.5.jar;C:\Users\Fabi\.m2\repository\org\glassfish\jaxb\jaxb-core\4.0.5\jaxb-core-4.0.5.jar;C:\Users\Fabi\.m2\repository\org\eclipse\angus\angus-activation\2.0.2\angus-activation-2.0.2.jar;C:\Users\Fabi\.m2\repository\org\glassfish\jaxb\txw2\4.0.5\txw2-4.0.5.jar;C:\Users\Fabi\.m2\repository\com\sun\istack\istack-commons-runtime\4.1.2\istack-commons-runtime-4.1.2.jar;C:\Users\Fabi\.m2\repository\jakarta\inject\jakarta.inject-api\2.0.1\jakarta.inject-api-2.0.1.jar;C:\Users\Fabi\.m2\repository\org\antlr\antlr4-runtime\4.13.0\antlr4-runtime-4.13.0.jar;C:\Users\Fabi\.m2\repository\jakarta\persistence\jakarta.persistence-api\3.1.0\jakarta.persistence-api-3.1.0.jar;C:\Users\Fabi\.m2\repository\org\springframework\boot\spring-boot-starter-test\3.4.2\spring-boot-starter-test-3.4.2.jar;C:\Users\Fabi\.m2\repository\org\springframework\boot\spring-boot-test\3.4.2\spring-boot-test-3.4.2.jar;C:\Users\Fabi\.m2\repository\org\springframework\boot\spring-boot-test-autoconfigure\3.4.2\spring-boot-test-autoconfigure-3.4.2.jar;C:\Users\Fabi\.m2\repository\com\jayway\jsonpath\json-path\2.9.0\json-path-2.9.0.jar;C:\Users\Fabi\.m2\repository\net\minidev\json-smart\2.5.1\json-smart-2.5.1.jar;C:\Users\Fabi\.m2\repository\net\minidev\accessors-smart\2.5.1\accessors-smart-2.5.1.jar;C:\Users\Fabi\.m2\repository\org\ow2\asm\asm\9.6\asm-9.6.jar;C:\Users\Fabi\.m2\repository\org\assertj\assertj-core\3.26.3\assertj-core-3.26.3.jar;C:\Users\Fabi\.m2\repository\org\awaitility\awaitility\4.2.2\awaitility-4.2.2.jar;C:\Users\Fabi\.m2\repository\org\hamcrest\hamcrest\2.2\hamcrest-2.2.jar;C:\Users\Fabi\.m2\repository\org\mockito\mockito-core\5.14.2\mockito-core-5.14.2.jar;C:\Users\Fabi\.m2\repository\net\bytebuddy\byte-buddy-agent\1.15.11\byte-buddy-agent-1.15.11.jar;C:\Users\Fabi\.m2\repository\org\objenesis\objenesis\3.3\objenesis-3.3.jar;C:\Users\Fabi\.m2\repository\org\mockito\mockito-junit-jupiter\5.14.2\mockito-junit-jupiter-5.14.2.jar;C:\Users\Fabi\.m2\repository\org\skyscreamer\jsonassert\1.5.3\jsonassert-1.5.3.jar;C:\Users\Fabi\.m2\repository\com\vaadin\external\google\android-json\0.0.20131108.vaadin1\android-json-0.0.20131108.vaadin1.jar;C:\Users\Fabi\.m2\repository\org\springframework\spring-core\6.2.2\spring-core-6.2.2.jar;C:\Users\Fabi\.m2\repository\org\springframework\spring-jcl\6.2.2\spring-jcl-6.2.2.jar;C:\Users\Fabi\.m2\repository\org\springframework\spring-test\6.2.2\spring-test-6.2.2.jar;C:\Users\Fabi\.m2\repository\org\xmlunit\xmlunit-core\2.10.0\xmlunit-core-2.10.0.jar;C:\Users\Fabi\.m2\repository\org\junit\jupiter\junit-jupiter\5.11.4\junit-jupiter-5.11.4.jar;C:\Users\Fabi\.m2\repository\org\junit\jupiter\junit-jupiter-api\5.11.4\junit-jupiter-api-5.11.4.jar;C:\Users\Fabi\.m2\repository\org\opentest4j\opentest4j\1.3.0\opentest4j-1.3.0.jar;C:\Users\Fabi\.m2\repository\org\junit\platform\junit-platform-commons\1.11.4\junit-platform-commons-1.11.4.jar;C:\Users\Fabi\.m2\repository\org\apiguardian\apiguardian-api\1.1.2\apiguardian-api-1.1.2.jar;C:\Users\Fabi\.m2\repository\org\junit\jupiter\junit-jupiter-params\5.11.4\junit-jupiter-params-5.11.4.jar;C:\Users\Fabi\.m2\repository\org\junit\jupiter\junit-jupiter-engine\5.11.4\junit-jupiter-engine-5.11.4.jar;C:\Users\Fabi\.m2\repository\org\junit\platform\junit-platform-engine\1.11.4\junit-platform-engine-1.11.4.jar;C:\Users\Fabi\.m2\repository\com\h2database\h2\2.3.232\h2-2.3.232.jar;"/>
    <property name="java.vm.vendor" value="Oracle Corporation"/>
    <property name="sun.arch.data.model" value="64"/>
    <property name="user.variant" value=""/>
    <property name="java.vendor.url" value="https://java.oracle.com/"/>
    <property name="user.timezone" value="Europe/Paris"/>
    <property name="org.jboss.logging.provider" value="slf4j"/>
    <property name="os.name" value="Windows 11"/>
    <property name="java.vm.specification.version" value="21"/>
    <property name="APPLICATION_NAME" value="GestionTrabajadores"/>
    <property name="sun.java.launcher" value="SUN_STANDARD"/>
    <property name="user.country" value="MX"/>
    <property name="sun.boot.library.path" value="C:\java\bin"/>
    <property name="sun.java.command" value="C:\Users\Fabi\AppData\Local\Temp\surefire10776563557627719435\surefirebooter-20250420212308469_3.jar C:\Users\Fabi\AppData\Local\Temp\surefire10776563557627719435 2025-04-20T21-23-08_373-jvmRun1 surefire-20250420212308469_1tmp surefire_0-20250420212308469_2tmp"/>
    <property name="jdk.debug" value="release"/>
    <property name="surefire.test.class.path" value="D:\DAM\ProyectosIntelliJ2025\GestorTrabajadores\Backend\target\test-classes;D:\DAM\ProyectosIntelliJ2025\GestorTrabajadores\Backend\target\classes;C:\Users\Fabi\.m2\repository\org\springframework\boot\spring-boot-starter-web\3.4.2\spring-boot-starter-web-3.4.2.jar;C:\Users\Fabi\.m2\repository\org\springframework\boot\spring-boot-starter\3.4.2\spring-boot-starter-3.4.2.jar;C:\Users\Fabi\.m2\repository\org\springframework\boot\spring-boot-starter-logging\3.4.2\spring-boot-starter-logging-3.4.2.jar;C:\Users\Fabi\.m2\repository\ch\qos\logback\logback-classic\1.5.16\logback-classic-1.5.16.jar;C:\Users\Fabi\.m2\repository\ch\qos\logback\logback-core\1.5.16\logback-core-1.5.16.jar;C:\Users\Fabi\.m2\repository\org\apache\logging\log4j\log4j-to-slf4j\2.24.3\log4j-to-slf4j-2.24.3.jar;C:\Users\Fabi\.m2\repository\org\apache\logging\log4j\log4j-api\2.24.3\log4j-api-2.24.3.jar;C:\Users\Fabi\.m2\repository\org\slf4j\jul-to-slf4j\2.0.16\jul-to-slf4j-2.0.16.jar;C:\Users\Fabi\.m2\repository\jakarta\annotation\jakarta.annotation-api\2.1.1\jakarta.annotation-api-2.1.1.jar;C:\Users\Fabi\.m2\repository\org\yaml\snakeyaml\2.3\snakeyaml-2.3.jar;C:\Users\Fabi\.m2\repository\org\springframework\boot\spring-boot-starter-json\3.4.2\spring-boot-starter-json-3.4.2.jar;C:\Users\Fabi\.m2\repository\com\fasterxml\jackson\core\jackson-databind\2.18.2\jackson-databind-2.18.2.jar;C:\Users\Fabi\.m2\repository\com\fasterxml\jackson\core\jackson-annotations\2.18.2\jackson-annotations-2.18.2.jar;C:\Users\Fabi\.m2\repository\com\fasterxml\jackson\core\jackson-core\2.18.2\jackson-core-2.18.2.jar;C:\Users\Fabi\.m2\repository\com\fasterxml\jackson\datatype\jackson-datatype-jdk8\2.18.2\jackson-datatype-jdk8-2.18.2.jar;C:\Users\Fabi\.m2\repository\com\fasterxml\jackson\datatype\jackson-datatype-jsr310\2.18.2\jackson-datatype-jsr310-2.18.2.jar;C:\Users\Fabi\.m2\repository\com\fasterxml\jackson\module\jackson-module-parameter-names\2.18.2\jackson-module-parameter-names-2.18.2.jar;C:\Users\Fabi\.m2\repository\org\springframework\boot\spring-boot-starter-tomcat\3.4.2\spring-boot-starter-tomcat-3.4.2.jar;C:\Users\Fabi\.m2\repository\org\apache\tomcat\embed\tomcat-embed-core\10.1.34\tomcat-embed-core-10.1.34.jar;C:\Users\Fabi\.m2\repository\org\apache\tomcat\embed\tomcat-embed-websocket\10.1.34\tomcat-embed-websocket-10.1.34.jar;C:\Users\Fabi\.m2\repository\org\springframework\spring-web\6.2.2\spring-web-6.2.2.jar;C:\Users\Fabi\.m2\repository\org\springframework\spring-beans\6.2.2\spring-beans-6.2.2.jar;C:\Users\Fabi\.m2\repository\io\micrometer\micrometer-observation\1.14.3\micrometer-observation-1.14.3.jar;C:\Users\Fabi\.m2\repository\io\micrometer\micrometer-commons\1.14.3\micrometer-commons-1.14.3.jar;C:\Users\Fabi\.m2\repository\org\springframework\spring-webmvc\6.2.2\spring-webmvc-6.2.2.jar;C:\Users\Fabi\.m2\repository\org\springframework\spring-aop\6.2.2\spring-aop-6.2.2.jar;C:\Users\Fabi\.m2\repository\org\springframework\spring-context\6.2.2\spring-context-6.2.2.jar;C:\Users\Fabi\.m2\repository\org\springframework\spring-expression\6.2.2\spring-expression-6.2.2.jar;C:\Users\Fabi\.m2\repository\org\springframework\boot\spring-boot-starter-data-jpa\3.4.2\spring-boot-starter-data-jpa-3.4.2.jar;C:\Users\Fabi\.m2\repository\org\springframework\boot\spring-boot-starter-jdbc\3.4.2\spring-boot-starter-jdbc-3.4.2.jar;C:\Users\Fabi\.m2\repository\com\zaxxer\HikariCP\5.1.0\HikariCP-5.1.0.jar;C:\Users\Fabi\.m2\repository\org\springframework\spring-jdbc\6.2.2\spring-jdbc-6.2.2.jar;C:\Users\Fabi\.m2\repository\org\springframework\data\spring-data-jpa\3.4.2\spring-data-jpa-3.4.2.jar;C:\Users\Fabi\.m2\repository\org\springframework\data\spring-data-commons\3.4.2\spring-data-commons-3.4.2.jar;C:\Users\Fabi\.m2\repository\org\springframework\spring-orm\6.2.2\spring-orm-6.2.2.jar;C:\Users\Fabi\.m2\repository\org\springframework\spring-tx\6.2.2\spring-tx-6.2.2.jar;C:\Users\Fabi\.m2\repository\org\slf4j\slf4j-api\2.0.16\slf4j-api-2.0.16.jar;C:\Users\Fabi\.m2\repository\org\springframework\spring-aspects\6.2.2\spring-aspects-6.2.2.jar;C:\Users\Fabi\.m2\repository\org\aspectj\aspectjweaver\1.9.22.1\aspectjweaver-1.9.22.1.jar;C:\Users\Fabi\.m2\repository\org\springframework\boot\spring-boot-starter-validation\3.4.2\spring-boot-starter-validation-3.4.2.jar;C:\Users\Fabi\.m2\repository\org\apache\tomcat\embed\tomcat-embed-el\10.1.34\tomcat-embed-el-10.1.34.jar;C:\Users\Fabi\.m2\repository\org\hibernate\validator\hibernate-validator\8.0.2.Final\hibernate-validator-8.0.2.Final.jar;C:\Users\Fabi\.m2\repository\jakarta\validation\jakarta.validation-api\3.0.2\jakarta.validation-api-3.0.2.jar;C:\Users\Fabi\.m2\repository\org\springdoc\springdoc-openapi-starter-webmvc-ui\2.8.4\springdoc-openapi-starter-webmvc-ui-2.8.4.jar;C:\Users\Fabi\.m2\repository\org\springdoc\springdoc-openapi-starter-webmvc-api\2.8.4\springdoc-openapi-starter-webmvc-api-2.8.4.jar;C:\Users\Fabi\.m2\repository\org\springdoc\springdoc-openapi-starter-common\2.8.4\springdoc-openapi-starter-common-2.8.4.jar;C:\Users\Fabi\.m2\repository\io\swagger\core\v3\swagger-core-jakarta\2.2.28\swagger-core-jakarta-2.2.28.jar;C:\Users\Fabi\.m2\repository\org\apache\commons\commons-lang3\3.17.0\commons-lang3-3.17.0.jar;C:\Users\Fabi\.m2\repository\io\swagger\core\v3\swagger-annotations-jakarta\2.2.28\swagger-annotations-jakarta-2.2.28.jar;C:\Users\Fabi\.m2\repository\io\swagger\core\v3\swagger-models-jakarta\2.2.28\swagger-models-jakarta-2.2.28.jar;C:\Users\Fabi\.m2\repository\com\fasterxml\jackson\dataformat\jackson-dataformat-yaml\2.18.2\jackson-dataformat-yaml-2.18.2.jar;C:\Users\Fabi\.m2\repository\org\webjars\swagger-ui\5.18.2\swagger-ui-5.18.2.jar;C:\Users\Fabi\.m2\repository\org\webjars\webjars-locator-lite\1.0.1\webjars-locator-lite-1.0.1.jar;C:\Users\Fabi\.m2\repository\org\jspecify\jspecify\1.0.0\jspecify-1.0.0.jar;C:\Users\Fabi\.m2\repository\com\mysql\mysql-connector-j\9.1.0\mysql-connector-j-9.1.0.jar;C:\Users\Fabi\.m2\repository\org\mapstruct\mapstruct\1.6.3\mapstruct-1.6.3.jar;C:\Users\Fabi\.m2\repository\org\mapstruct\mapstruct-processor\1.6.3\mapstruct-processor-1.6.3.jar;C:\Users\Fabi\.m2\repository\org\projectlombok\lombok-mapstruct-binding\0.2.0\lombok-mapstruct-binding-0.2.0.jar;C:\Users\Fabi\.m2\repository\org\projectlombok\lombok\1.18.30\lombok-1.18.30.jar;C:\Users\Fabi\.m2\repository\org\springframework\boot\spring-boot-devtools\3.4.2\spring-boot-devtools-3.4.2.jar;C:\Users\Fabi\.m2\repository\org\springframework\boot\spring-boot\3.4.2\spring-boot-3.4.2.jar;C:\Users\Fabi\.m2\repository\org\springframework\boot\spring-boot-autoconfigure\3.4.2\spring-boot-autoconfigure-3.4.2.jar;C:\Users\Fabi\.m2\repository\org\hibernate\orm\hibernate-core\6.6.5.Final\hibernate-core-6.6.5.Final.jar;C:\Users\Fabi\.m2\repository\jakarta\transaction\jakarta.transaction-api\2.0.1\jakarta.transaction-api-2.0.1.jar;C:\Users\Fabi\.m2\repository\org\jboss\logging\jboss-logging\3.6.1.Final\jboss-logging-3.6.1.Final.jar;C:\Users\Fabi\.m2\repository\org\hibernate\common\hibernate-commons-annotations\7.0.3.Final\hibernate-commons-annotations-7.0.3.Final.jar;C:\Users\Fabi\.m2\repository\io\smallrye\jandex\3.2.0\jandex-3.2.0.jar;C:\Users\Fabi\.m2\repository\com\fasterxml\classmate\1.7.0\classmate-1.7.0.jar;C:\Users\Fabi\.m2\repository\net\bytebuddy\byte-buddy\1.15.11\byte-buddy-1.15.11.jar;C:\Users\Fabi\.m2\repository\jakarta\xml\bind\jakarta.xml.bind-api\4.0.2\jakarta.xml.bind-api-4.0.2.jar;C:\Users\Fabi\.m2\repository\jakarta\activation\jakarta.activation-api\2.1.3\jakarta.activation-api-2.1.3.jar;C:\Users\Fabi\.m2\repository\org\glassfish\jaxb\jaxb-runtime\4.0.5\jaxb-runtime-4.0.5.jar;C:\Users\Fabi\.m2\repository\org\glassfish\jaxb\jaxb-core\4.0.5\jaxb-core-4.0.5.jar;C:\Users\Fabi\.m2\repository\org\eclipse\angus\angus-activation\2.0.2\angus-activation-2.0.2.jar;C:\Users\Fabi\.m2\repository\org\glassfish\jaxb\txw2\4.0.5\txw2-4.0.5.jar;C:\Users\Fabi\.m2\repository\com\sun\istack\istack-commons-runtime\4.1.2\istack-commons-runtime-4.1.2.jar;C:\Users\Fabi\.m2\repository\jakarta\inject\jakarta.inject-api\2.0.1\jakarta.inject-api-2.0.1.jar;C:\Users\Fabi\.m2\repository\org\antlr\antlr4-runtime\4.13.0\antlr4-runtime-4.13.0.jar;C:\Users\Fabi\.m2\repository\jakarta\persistence\jakarta.persistence-api\3.1.0\jakarta.persistence-api-3.1.0.jar;C:\Users\Fabi\.m2\repository\org\springframework\boot\spring-boot-starter-test\3.4.2\spring-boot-starter-test-3.4.2.jar;C:\Users\Fabi\.m2\repository\org\springframework\boot\spring-boot-test\3.4.2\spring-boot-test-3.4.2.jar;C:\Users\Fabi\.m2\repository\org\springframework\boot\spring-boot-test-autoconfigure\3.4.2\spring-boot-test-autoconfigure-3.4.2.jar;C:\Users\Fabi\.m2\repository\com\jayway\jsonpath\json-path\2.9.0\json-path-2.9.0.jar;C:\Users\Fabi\.m2\repository\net\minidev\json-smart\2.5.1\json-smart-2.5.1.jar;C:\Users\Fabi\.m2\repository\net\minidev\accessors-smart\2.5.1\accessors-smart-2.5.1.jar;C:\Users\Fabi\.m2\repository\org\ow2\asm\asm\9.6\asm-9.6.jar;C:\Users\Fabi\.m2\repository\org\assertj\assertj-core\3.26.3\assertj-core-3.26.3.jar;C:\Users\Fabi\.m2\repository\org\awaitility\awaitility\4.2.2\awaitility-4.2.2.jar;C:\Users\Fabi\.m2\repository\org\hamcrest\hamcrest\2.2\hamcrest-2.2.jar;C:\Users\Fabi\.m2\repository\org\mockito\mockito-core\5.14.2\mockito-core-5.14.2.jar;C:\Users\Fabi\.m2\repository\net\bytebuddy\byte-buddy-agent\1.15.11\byte-buddy-agent-1.15.11.jar;C:\Users\Fabi\.m2\repository\org\objenesis\objenesis\3.3\objenesis-3.3.jar;C:\Users\Fabi\.m2\repository\org\mockito\mockito-junit-jupiter\5.14.2\mockito-junit-jupiter-5.14.2.jar;C:\Users\Fabi\.m2\repository\org\skyscreamer\jsonassert\1.5.3\jsonassert-1.5.3.jar;C:\Users\Fabi\.m2\repository\com\vaadin\external\google\android-json\0.0.20131108.vaadin1\android-json-0.0.20131108.vaadin1.jar;C:\Users\Fabi\.m2\repository\org\springframework\spring-core\6.2.2\spring-core-6.2.2.jar;C:\Users\Fabi\.m2\repository\org\springframework\spring-jcl\6.2.2\spring-jcl-6.2.2.jar;C:\Users\Fabi\.m2\repository\org\springframework\spring-test\6.2.2\spring-test-6.2.2.jar;C:\Users\Fabi\.m2\repository\org\xmlunit\xmlunit-core\2.10.0\xmlunit-core-2.10.0.jar;C:\Users\Fabi\.m2\repository\org\junit\jupiter\junit-jupiter\5.11.4\junit-jupiter-5.11.4.jar;C:\Users\Fabi\.m2\repository\org\junit\jupiter\junit-jupiter-api\5.11.4\junit-jupiter-api-5.11.4.jar;C:\Users\Fabi\.m2\repository\org\opentest4j\opentest4j\1.3.0\opentest4j-1.3.0.jar;C:\Users\Fabi\.m2\repository\org\junit\platform\junit-platform-commons\1.11.4\junit-platform-commons-1.11.4.jar;C:\Users\Fabi\.m2\repository\org\apiguardian\apiguardian-api\1.1.2\apiguardian-api-1.1.2.jar;C:\Users\Fabi\.m2\repository\org\junit\jupiter\junit-jupiter-params\5.11.4\junit-jupiter-params-5.11.4.jar;C:\Users\Fabi\.m2\repository\org\junit\jupiter\junit-jupiter-engine\5.11.4\junit-jupiter-engine-5.11.4.jar;C:\Users\Fabi\.m2\repository\org\junit\platform\junit-platform-engine\1.11.4\junit-platform-engine-1.11.4.jar;C:\Users\Fabi\.m2\repository\com\h2database\h2\2.3.232\h2-2.3.232.jar;"/>
    <property name="sun.cpu.endian" value="little"/>
    <property name="user.home" value="C:\Users\Fabi"/>
    <property name="user.language" value="es"/>
    <property name="java.specification.vendor" value="Oracle Corporation"/>
    <property name="java.version.date" value="2024-07-16"/>
    <property name="java.home" value="C:\java"/>
    <property name="file.separator" value="\"/>
    <property name="basedir" value="D:\DAM\ProyectosIntelliJ2025\GestorTrabajadores\Backend"/>
    <property name="java.vm.compressedOopsMode" value="Zero based"/>
    <property name="line.separator" value="&#10;"/>
    <property name="java.vm.specification.vendor" value="Oracle Corporation"/>
    <property name="java.specification.name" value="Java Platform API Specification"/>
    <property name="FILE_LOG_CHARSET" value="UTF-8"/>
    <property name="java.awt.headless" value="true"/>
    <property name="surefire.real.class.path" value="C:\Users\Fabi\AppData\Local\Temp\surefire10776563557627719435\surefirebooter-20250420212308469_3.jar"/>
    <property name="user.script" value=""/>
    <property name="sun.management.compiler" value="HotSpot 64-Bit Tiered Compilers"/>
    <property name="java.runtime.version" value="21.0.4+8-LTS-274"/>
    <property name="user.name" value="Fabi"/>
    <property name="stdout.encoding" value="Cp1252"/>
    <property name="path.separator" value=";"/>
    <property name="os.version" value="10.0"/>
    <property name="java.runtime.name" value="Java(TM) SE Runtime Environment"/>
    <property name="file.encoding" value="UTF-8"/>
    <property name="java.vm.name" value="Java HotSpot(TM) 64-Bit Server VM"/>
    <property name="localRepository" value="C:\Users\Fabi\.m2\repository"/>
    <property name="java.vendor.url.bug" value="https://bugreport.java.com/bugreport/"/>
    <property name="java.io.tmpdir" value="C:\Users\Fabi\AppData\Local\Temp\"/>
    <property name="com.zaxxer.hikari.pool_number" value="1"/>
    <property name="java.version" value="21.0.4"/>
    <property name="user.dir" value="D:\DAM\ProyectosIntelliJ2025\GestorTrabajadores\Backend"/>
    <property name="os.arch" value="amd64"/>
    <property name="java.vm.specification.name" value="Java Virtual Machine Specification"/>
    <property name="PID" value="4736"/>
    <property name="sun.os.patch.level" value=""/>
    <property name="CONSOLE_LOG_CHARSET" value="UTF-8"/>
    <property name="native.encoding" value="Cp1252"/>
    <property name="java.library.path" value="C:\java\bin;C:\WINDOWS\Sun\Java\bin;C:\WINDOWS\system32;C:\WINDOWS;C:\Users\Fabi\AppData\Local\oh-my-posh;C:\Program Files\Common Files\Oracle\Java\javapath;c:\windows\system32;c:\windows;c:\windows\system32\wbem;c:\windows\system32\windowspowershell\v1.0\;c:\windows\system32\openssh\;c:\program files\autofirma\autofirma;c:\program files\nvidia corporation\nvidia nvdlisr;C:\WINDOWS\system32;C:\WINDOWS;C:\WINDOWS\System32\Wbem;C:\WINDOWS\System32\WindowsPowerShell\v1.0\;C:\WINDOWS\System32\OpenSSH\;c:\java\bin;C:\Program Files\Git\cmd;C:\Program Files\Microsoft SQL Server\150\Tools\Binn\;C:\Program Files\Microsoft SQL Server\Client SDK\ODBC\170\Tools\Binn\;C:\Program Files (x86)\Microsoft SQL Server\160\Tools\Binn\;C:\Program Files\Microsoft SQL Server\160\Tools\Binn\;C:\Program Files\Microsoft SQL Server\160\DTS\Binn\;C:\Program Files\Maven\apache-maven-3.9.9\bin;%LOCALAPPDATA%\dev\flutter\bin;C:\Program Files (x86)\Windows Kits\10\Windows Performance Toolkit\;C:\Program Files\PowerShell\7\;C:\Program Files\dotnet\;C:\Program Files (x86)\Microsoft SQL Server\160\DTS\Binn\;C:\Users\Fabi\AppData\Local\Programs\oh-my-posh\bin\;C:\Users\Fabi\AppData\Local\Microsoft\WindowsApps;C:\Users\Fabi\AppData\Local\Programs\Microsoft VS Code\bin;c:\java;c:\java\bin;C:\Users\Fabi\.dotnet\tools;."/>
    <property name="java.vm.info" value="mixed mode, sharing"/>
    <property name="stderr.encoding" value="Cp1252"/>
    <property name="java.vendor" value="Oracle Corporation"/>
    <property name="java.vm.version" value="21.0.4+8-LTS-274"/>
    <property name="sun.io.unicode.encoding" value="UnicodeLittle"/>
    <property name="java.class.version" value="65.0"/>
    <property name="LOGGED_APPLICATION_NAME" value="[GestionTrabajadores] "/>
  </properties>
  <testcase name="crearUsuario" classname="com.calendario.trabajadores.services.user.UserServiceTest" time="0.585">
    <system-out><![CDATA[21:23:09.323 [main] INFO org.springframework.test.context.support.AnnotationConfigContextLoaderUtils -- Could not detect default configuration classes for test class [com.calendario.trabajadores.services.user.UserServiceTest]: UserServiceTest does not declare any static, non-private, non-final, nested classes annotated with @Configuration.
21:23:09.445 [main] INFO org.springframework.boot.test.context.SpringBootTestContextBootstrapper -- Found @SpringBootConfiguration com.calendario.trabajadores.GestionTrabajadoresApplication for test class com.calendario.trabajadores.services.user.UserServiceTest
21:23:09.581 [main] INFO org.springframework.boot.devtools.restart.RestartApplicationListener -- Restart disabled due to context in which it is running

  .   ____          _            __ _ _
 /\\ / ___'_ __ _ _(_)_ __  __ _ \ \ \ \
( ( )\___ | '_ | '_| | '_ \/ _` | \ \ \ \
 \\/  ___)| |_)| | | | | || (_| |  ) ) ) )
  '  |____| .__|_| |_|_| |_\__, | / / / /
 =========|_|==============|___/=/_/_/_/

 :: Spring Boot ::                (v3.4.2)

2025-04-20T21:23:09.827+02:00  INFO 4736 --- [GestionTrabajadores] [           main] c.c.t.services.user.UserServiceTest      : Starting UserServiceTest using Java 21.0.4 with PID 4736 (started by Fabi in D:\DAM\ProyectosIntelliJ2025\GestorTrabajadores\Backend)
2025-04-20T21:23:09.827+02:00  INFO 4736 --- [GestionTrabajadores] [           main] c.c.t.services.user.UserServiceTest      : The following 1 profile is active: "test"
2025-04-20T21:23:10.600+02:00  INFO 4736 --- [GestionTrabajadores] [           main] .s.d.r.c.RepositoryConfigurationDelegate : Bootstrapping Spring Data JPA repositories in DEFAULT mode.
2025-04-20T21:23:10.699+02:00  INFO 4736 --- [GestionTrabajadores] [           main] .s.d.r.c.RepositoryConfigurationDelegate : Finished Spring Data repository scanning in 87 ms. Found 4 JPA repository interfaces.
2025-04-20T21:23:11.170+02:00  INFO 4736 --- [GestionTrabajadores] [           main] o.hibernate.jpa.internal.util.LogHelper  : HHH000204: Processing PersistenceUnitInfo [name: default]
2025-04-20T21:23:11.234+02:00  INFO 4736 --- [GestionTrabajadores] [           main] org.hibernate.Version                    : HHH000412: Hibernate ORM core version 6.6.5.Final
2025-04-20T21:23:11.277+02:00  INFO 4736 --- [GestionTrabajadores] [           main] o.h.c.internal.RegionFactoryInitiator    : HHH000026: Second-level cache disabled
2025-04-20T21:23:11.543+02:00  INFO 4736 --- [GestionTrabajadores] [           main] o.s.o.j.p.SpringPersistenceUnitInfo      : No LoadTimeWeaver setup: ignoring JPA class transformer
2025-04-20T21:23:11.572+02:00  INFO 4736 --- [GestionTrabajadores] [           main] com.zaxxer.hikari.HikariDataSource       : HikariPool-1 - Starting...
2025-04-20T21:23:11.729+02:00  INFO 4736 --- [GestionTrabajadores] [           main] com.zaxxer.hikari.pool.HikariPool        : HikariPool-1 - Added connection conn0: url=jdbc:h2:mem:testdb user=SA
2025-04-20T21:23:11.730+02:00  INFO 4736 --- [GestionTrabajadores] [           main] com.zaxxer.hikari.HikariDataSource       : HikariPool-1 - Start completed.
2025-04-20T21:23:11.753+02:00  WARN 4736 --- [GestionTrabajadores] [           main] org.hibernate.orm.deprecation            : HHH90000025: H2Dialect does not need to be specified explicitly using 'hibernate.dialect' (remove the property setting and it will be selected by default)
2025-04-20T21:23:11.772+02:00  INFO 4736 --- [GestionTrabajadores] [           main] org.hibernate.orm.connections.pooling    : HHH10001005: Database info:
	Database JDBC URL [Connecting through datasource 'HikariDataSource (HikariPool-1)']
	Database driver: undefined/unknown
	Database version: 2.3.232
	Autocommit mode: undefined/unknown
	Isolation level: undefined/unknown
	Minimum pool size: undefined/unknown
	Maximum pool size: undefined/unknown
2025-04-20T21:23:12.618+02:00  INFO 4736 --- [GestionTrabajadores] [           main] o.h.e.t.j.p.i.JtaPlatformInitiator       : HHH000489: No JTA platform available (set 'hibernate.transaction.jta.platform' to enable JTA platform integration)
Hibernate: drop table if exists peticion_viaje cascade 
Hibernate: drop table if exists turnos cascade 
Hibernate: drop table if exists usuario_viaje cascade 
Hibernate: drop table if exists usuarios cascade 
Hibernate: drop table if exists vehiculos cascade 
Hibernate: drop table if exists viajes cascade 
Hibernate: create table peticion_viaje (estado tinyint check (estado between 0 and 2), fecha_creacion timestamp(6), fecha_modificacion timestamp(6), id bigint generated by default as identity, usuario_id bigint, viaje_id bigint, creado_por varchar(255), modificado_por varchar(255), primary key (id))
Hibernate: create table turnos (activo boolean, fecha_creacion timestamp(6), fecha_modificacion timestamp(6), hora_fin timestamp(6) not null, hora_inicio timestamp(6) not null, id bigint generated by default as identity, usuario_id bigint not null, creado_por varchar(255), modificado_por varchar(255), notas_peticion varchar(255), estado_turno enum ('EN_CURSO','FINALIZADO','SIN_EMPEZAR') not null, peticion_turno enum ('ACEPTADA','PENDIENTE','RECHAZADA') not null, primary key (id))
Hibernate: create table usuario_viaje (id bigint generated by default as identity, usuario_id bigint not null, viaje_id bigint not null, primary key (id))
Hibernate: create table usuarios (activo boolean, disponibilidad_horas_extras boolean, puesto tinyint check (puesto between 0 and 2), fecha_creacion timestamp(6), fecha_modificacion timestamp(6), id bigint generated by default as identity, apellido1 varchar(255) not null, apellido2 varchar(255), centro_trabajo varchar(255), contraseña varchar(255) not null, creado_por varchar(255), email varchar(255) not null, localidad varchar(255), modificado_por varchar(255), nombre varchar(255) not null, preferencias_horarias varchar(255), rol varchar(255) not null, telefono varchar(255), primary key (id))
Hibernate: create table vehiculos (activo boolean not null, plazas integer not null, fecha_creacion timestamp(6), fecha_modificacion timestamp(6), id bigint generated by default as identity, usuario_id bigint not null, creado_por varchar(255), matricula varchar(255) not null unique, modelo_coche varchar(255), modificado_por varchar(255), primary key (id))
Hibernate: create table viajes (fecha_salida date, hora_salida time(6), plazas integer not null, fecha_creacion timestamp(6), fecha_modificacion timestamp(6), id bigint generated by default as identity, usuario_id bigint not null, vehiculo_id bigint not null, creado_por varchar(255), destino varchar(255), modificado_por varchar(255), origen varchar(255), estado enum ('DISPONIBLE','EN_CURSO','FINALIZADO'), primary key (id))
Hibernate: alter table if exists peticion_viaje add constraint FK6tvmb2xim01fr2e6mk0j3y8qj foreign key (usuario_id) references usuarios
Hibernate: alter table if exists peticion_viaje add constraint FK87bdqjp3vmlv44tscx67sec6l foreign key (viaje_id) references viajes
Hibernate: alter table if exists turnos add constraint FKb7mrbbhqfbs65k24il9nc7dl5 foreign key (usuario_id) references usuarios
Hibernate: alter table if exists usuario_viaje add constraint FK5m0tmhop0hybdlqh8qehffprf foreign key (usuario_id) references usuarios
Hibernate: alter table if exists usuario_viaje add constraint FKmxcia239kt1r5oar1igdyabgv foreign key (viaje_id) references viajes
Hibernate: alter table if exists vehiculos add constraint FKdhjyx02lnwglmr38720d2bpbo foreign key (usuario_id) references usuarios
Hibernate: alter table if exists viajes add constraint FKgoq4qi4euu9uov10eyjfct3uf foreign key (usuario_id) references usuarios
Hibernate: alter table if exists viajes add constraint FKgeve1bs56hqqbbvocuufbr89h foreign key (vehiculo_id) references vehiculos
2025-04-20T21:23:12.669+02:00  INFO 4736 --- [GestionTrabajadores] [           main] j.LocalContainerEntityManagerFactoryBean : Initialized JPA EntityManagerFactory for persistence unit 'default'
2025-04-20T21:23:12.936+02:00  INFO 4736 --- [GestionTrabajadores] [           main] o.s.d.j.r.query.QueryEnhancerFactory     : Hibernate is in classpath; If applicable, HQL parser will be used.
2025-04-20T21:23:13.718+02:00  WARN 4736 --- [GestionTrabajadores] [           main] JpaBaseConfiguration$JpaWebConfiguration : spring.jpa.open-in-view is enabled by default. Therefore, database queries may be performed during view rendering. Explicitly configure spring.jpa.open-in-view to disable this warning
2025-04-20T21:23:14.144+02:00  INFO 4736 --- [GestionTrabajadores] [           main] c.c.t.services.user.UserServiceTest      : Started UserServiceTest in 4.572 seconds (process running for 5.545)
Hibernate: select u1_0.id,u1_0.activo,u1_0.apellido1,u1_0.apellido2,u1_0.centro_trabajo,u1_0.contraseña,u1_0.creado_por,u1_0.disponibilidad_horas_extras,u1_0.email,u1_0.fecha_creacion,u1_0.fecha_modificacion,u1_0.localidad,u1_0.modificado_por,u1_0.nombre,u1_0.preferencias_horarias,u1_0.puesto,u1_0.rol,u1_0.telefono from usuarios u1_0 where u1_0.email=?
Hibernate: insert into usuarios (activo,apellido1,apellido2,centro_trabajo,contraseña,creado_por,disponibilidad_horas_extras,email,fecha_creacion,fecha_modificacion,localidad,modificado_por,nombre,preferencias_horarias,puesto,rol,telefono,id) values (?,?,?,?,?,?,?,?,?,?,?,?,?,?,?,?,?,default)
]]></system-out>
    <system-err><![CDATA[Mockito is currently self-attaching to enable the inline-mock-maker. This will no longer work in future releases of the JDK. Please add Mockito as an agent to your build what is described in Mockito's documentation: https://javadoc.io/doc/org.mockito/mockito-core/latest/org/mockito/Mockito.html#0.3
WARNING: A Java agent has been loaded dynamically (C:\Users\Fabi\.m2\repository\net\bytebuddy\byte-buddy-agent\1.15.11\byte-buddy-agent-1.15.11.jar)
WARNING: If a serviceability tool is in use, please run with -XX:+EnableDynamicAgentLoading to hide this warning
WARNING: If a serviceability tool is not in use, please run with -Djdk.instrument.traceUsage for more information
WARNING: Dynamic loading of agents will be disallowed by default in a future release
]]></system-err>
  </testcase>
  <testcase name="crearUsuarioExistente" classname="com.calendario.trabajadores.services.user.UserServiceTest" time="0.008">
    <system-out><![CDATA[Hibernate: select u1_0.id,u1_0.activo,u1_0.apellido1,u1_0.apellido2,u1_0.centro_trabajo,u1_0.contraseña,u1_0.creado_por,u1_0.disponibilidad_horas_extras,u1_0.email,u1_0.fecha_creacion,u1_0.fecha_modificacion,u1_0.localidad,u1_0.modificado_por,u1_0.nombre,u1_0.preferencias_horarias,u1_0.puesto,u1_0.rol,u1_0.telefono from usuarios u1_0 where u1_0.email=?
]]></system-out>
  </testcase>
  <testcase name="crearUsuarioSinPassword" classname="com.calendario.trabajadores.services.user.UserServiceTest" time="0.004">
    <system-out><![CDATA[Hibernate: select u1_0.id,u1_0.activo,u1_0.apellido1,u1_0.apellido2,u1_0.centro_trabajo,u1_0.contraseña,u1_0.creado_por,u1_0.disponibilidad_horas_extras,u1_0.email,u1_0.fecha_creacion,u1_0.fecha_modificacion,u1_0.localidad,u1_0.modificado_por,u1_0.nombre,u1_0.preferencias_horarias,u1_0.puesto,u1_0.rol,u1_0.telefono from usuarios u1_0 where u1_0.email=?
]]></system-out>
  </testcase>
  <testcase name="getUsuarioPorId" classname="com.calendario.trabajadores.services.user.UserServiceTest" time="0.02">
    <system-out><![CDATA[Hibernate: select u1_0.id,u1_0.activo,u1_0.apellido1,u1_0.apellido2,u1_0.centro_trabajo,u1_0.contraseña,u1_0.creado_por,u1_0.disponibilidad_horas_extras,u1_0.email,u1_0.fecha_creacion,u1_0.fecha_modificacion,u1_0.localidad,u1_0.modificado_por,u1_0.nombre,u1_0.preferencias_horarias,u1_0.puesto,u1_0.rol,u1_0.telefono from usuarios u1_0 where u1_0.id=?
Hibernate: select v1_0.usuario_id,v1_0.id,v1_0.creado_por,v1_0.destino,v1_0.estado,v1_0.fecha_creacion,v1_0.fecha_modificacion,v1_0.fecha_salida,v1_0.hora_salida,v1_0.modificado_por,v1_0.origen,v1_0.plazas,v1_0.vehiculo_id from viajes v1_0 where v1_0.usuario_id=?
]]></system-out>
  </testcase>
  <testcase name="getUsuarioPorEmail" classname="com.calendario.trabajadores.services.user.UserServiceTest" time="0.007">
    <system-out><![CDATA[Hibernate: select u1_0.id,u1_0.activo,u1_0.apellido1,u1_0.apellido2,u1_0.centro_trabajo,u1_0.contraseña,u1_0.creado_por,u1_0.disponibilidad_horas_extras,u1_0.email,u1_0.fecha_creacion,u1_0.fecha_modificacion,u1_0.localidad,u1_0.modificado_por,u1_0.nombre,u1_0.preferencias_horarias,u1_0.puesto,u1_0.rol,u1_0.telefono from usuarios u1_0 where u1_0.email=?
Hibernate: select v1_0.usuario_id,v1_0.id,v1_0.creado_por,v1_0.destino,v1_0.estado,v1_0.fecha_creacion,v1_0.fecha_modificacion,v1_0.fecha_salida,v1_0.hora_salida,v1_0.modificado_por,v1_0.origen,v1_0.plazas,v1_0.vehiculo_id from viajes v1_0 where v1_0.usuario_id=?
]]></system-out>
  </testcase>
  <testcase name="editarUsuario" classname="com.calendario.trabajadores.services.user.UserServiceTest" time="0.025">
    <system-out><![CDATA[Hibernate: select u1_0.id,u1_0.activo,u1_0.apellido1,u1_0.apellido2,u1_0.centro_trabajo,u1_0.contraseña,u1_0.creado_por,u1_0.disponibilidad_horas_extras,u1_0.email,u1_0.fecha_creacion,u1_0.fecha_modificacion,u1_0.localidad,u1_0.modificado_por,u1_0.nombre,u1_0.preferencias_horarias,u1_0.puesto,u1_0.rol,u1_0.telefono from usuarios u1_0 where u1_0.id=?
Hibernate: select u1_0.id,u1_0.activo,u1_0.apellido1,u1_0.apellido2,u1_0.centro_trabajo,u1_0.contraseña,u1_0.creado_por,u1_0.disponibilidad_horas_extras,u1_0.email,u1_0.fecha_creacion,u1_0.fecha_modificacion,u1_0.localidad,u1_0.modificado_por,u1_0.nombre,u1_0.preferencias_horarias,u1_0.puesto,u1_0.rol,u1_0.telefono from usuarios u1_0 where u1_0.id=?
Hibernate: select uv1_0.usuario_id,uv1_0.id,uv1_0.viaje_id,v1_0.id,v1_0.usuario_id,v1_0.creado_por,v1_0.destino,v1_0.estado,v1_0.fecha_creacion,v1_0.fecha_modificacion,v1_0.fecha_salida,v1_0.hora_salida,v1_0.modificado_por,v1_0.origen,v1_0.plazas,v1_0.vehiculo_id from usuario_viaje uv1_0 left join viajes v1_0 on v1_0.id=uv1_0.viaje_id where uv1_0.usuario_id=?
Hibernate: select v1_0.usuario_id,v1_0.id,v1_0.activo,v1_0.creado_por,v1_0.fecha_creacion,v1_0.fecha_modificacion,v1_0.matricula,v1_0.modelo_coche,v1_0.modificado_por,v1_0.plazas from vehiculos v1_0 where v1_0.usuario_id=?
Hibernate: select v1_0.usuario_id,v1_0.id,v1_0.creado_por,v1_0.destino,v1_0.estado,v1_0.fecha_creacion,v1_0.fecha_modificacion,v1_0.fecha_salida,v1_0.hora_salida,v1_0.modificado_por,v1_0.origen,v1_0.plazas,v1_0.vehiculo_id from viajes v1_0 where v1_0.usuario_id=?
Hibernate: update usuarios set activo=?,apellido1=?,apellido2=?,centro_trabajo=?,contraseña=?,creado_por=?,disponibilidad_horas_extras=?,email=?,fecha_creacion=?,fecha_modificacion=?,localidad=?,modificado_por=?,nombre=?,preferencias_horarias=?,puesto=?,rol=?,telefono=? where id=?
]]></system-out>
  </testcase>
  <testcase name="desactivarUsuario" classname="com.calendario.trabajadores.services.user.UserServiceTest" time="0.008">
    <system-out><![CDATA[Hibernate: select u1_0.id,u1_0.activo,u1_0.apellido1,u1_0.apellido2,u1_0.centro_trabajo,u1_0.contraseña,u1_0.creado_por,u1_0.disponibilidad_horas_extras,u1_0.email,u1_0.fecha_creacion,u1_0.fecha_modificacion,u1_0.localidad,u1_0.modificado_por,u1_0.nombre,u1_0.preferencias_horarias,u1_0.puesto,u1_0.rol,u1_0.telefono from usuarios u1_0 where u1_0.id=?
Hibernate: select v1_0.usuario_id,v1_0.id,v1_0.creado_por,v1_0.destino,v1_0.estado,v1_0.fecha_creacion,v1_0.fecha_modificacion,v1_0.fecha_salida,v1_0.hora_salida,v1_0.modificado_por,v1_0.origen,v1_0.plazas,v1_0.vehiculo_id from viajes v1_0 where v1_0.usuario_id=?
]]></system-out>
  </testcase>
  <testcase name="reactivarUsuario" classname="com.calendario.trabajadores.services.user.UserServiceTest" time="0.008">
    <system-out><![CDATA[Hibernate: select u1_0.id,u1_0.activo,u1_0.apellido1,u1_0.apellido2,u1_0.centro_trabajo,u1_0.contraseña,u1_0.creado_por,u1_0.disponibilidad_horas_extras,u1_0.email,u1_0.fecha_creacion,u1_0.fecha_modificacion,u1_0.localidad,u1_0.modificado_por,u1_0.nombre,u1_0.preferencias_horarias,u1_0.puesto,u1_0.rol,u1_0.telefono from usuarios u1_0 where u1_0.id=?
Hibernate: select v1_0.usuario_id,v1_0.id,v1_0.creado_por,v1_0.destino,v1_0.estado,v1_0.fecha_creacion,v1_0.fecha_modificacion,v1_0.fecha_salida,v1_0.hora_salida,v1_0.modificado_por,v1_0.origen,v1_0.plazas,v1_0.vehiculo_id from viajes v1_0 where v1_0.usuario_id=?
]]></system-out>
  </testcase>
  <testcase name="listarUsuarios" classname="com.calendario.trabajadores.services.user.UserServiceTest" time="0.022">
    <system-out><![CDATA[Hibernate: select u1_0.id,u1_0.activo,u1_0.apellido1,u1_0.apellido2,u1_0.centro_trabajo,u1_0.contraseña,u1_0.creado_por,u1_0.disponibilidad_horas_extras,u1_0.email,u1_0.fecha_creacion,u1_0.fecha_modificacion,u1_0.localidad,u1_0.modificado_por,u1_0.nombre,u1_0.preferencias_horarias,u1_0.puesto,u1_0.rol,u1_0.telefono from usuarios u1_0
Hibernate: select v1_0.usuario_id,v1_0.id,v1_0.creado_por,v1_0.destino,v1_0.estado,v1_0.fecha_creacion,v1_0.fecha_modificacion,v1_0.fecha_salida,v1_0.hora_salida,v1_0.modificado_por,v1_0.origen,v1_0.plazas,v1_0.vehiculo_id from viajes v1_0 where v1_0.usuario_id=?
]]></system-out>
  </testcase>
  <testcase name="loginExitoso" classname="com.calendario.trabajadores.services.user.UserServiceTest" time="0.006">
    <system-out><![CDATA[Hibernate: select u1_0.id,u1_0.activo,u1_0.apellido1,u1_0.apellido2,u1_0.centro_trabajo,u1_0.contraseña,u1_0.creado_por,u1_0.disponibilidad_horas_extras,u1_0.email,u1_0.fecha_creacion,u1_0.fecha_modificacion,u1_0.localidad,u1_0.modificado_por,u1_0.nombre,u1_0.preferencias_horarias,u1_0.puesto,u1_0.rol,u1_0.telefono from usuarios u1_0 where u1_0.email=?
Hibernate: select v1_0.usuario_id,v1_0.id,v1_0.creado_por,v1_0.destino,v1_0.estado,v1_0.fecha_creacion,v1_0.fecha_modificacion,v1_0.fecha_salida,v1_0.hora_salida,v1_0.modificado_por,v1_0.origen,v1_0.plazas,v1_0.vehiculo_id from viajes v1_0 where v1_0.usuario_id=?
]]></system-out>
  </testcase>
  <testcase name="loginPasswordIncorrecta" classname="com.calendario.trabajadores.services.user.UserServiceTest" time="0.005">
    <system-out><![CDATA[Hibernate: select u1_0.id,u1_0.activo,u1_0.apellido1,u1_0.apellido2,u1_0.centro_trabajo,u1_0.contraseña,u1_0.creado_por,u1_0.disponibilidad_horas_extras,u1_0.email,u1_0.fecha_creacion,u1_0.fecha_modificacion,u1_0.localidad,u1_0.modificado_por,u1_0.nombre,u1_0.preferencias_horarias,u1_0.puesto,u1_0.rol,u1_0.telefono from usuarios u1_0 where u1_0.email=?
]]></system-out>
  </testcase>
  <testcase name="loginUsuarioNoExiste" classname="com.calendario.trabajadores.services.user.UserServiceTest" time="0.004">
    <system-out><![CDATA[Hibernate: select u1_0.id,u1_0.activo,u1_0.apellido1,u1_0.apellido2,u1_0.centro_trabajo,u1_0.contraseña,u1_0.creado_por,u1_0.disponibilidad_horas_extras,u1_0.email,u1_0.fecha_creacion,u1_0.fecha_modificacion,u1_0.localidad,u1_0.modificado_por,u1_0.nombre,u1_0.preferencias_horarias,u1_0.puesto,u1_0.rol,u1_0.telefono from usuarios u1_0 where u1_0.email=?
]]></system-out>
  </testcase>
  <testcase name="logoutExitoso" classname="com.calendario.trabajadores.services.user.UserServiceTest" time="0.005">
    <system-out><![CDATA[Hibernate: select u1_0.id,u1_0.activo,u1_0.apellido1,u1_0.apellido2,u1_0.centro_trabajo,u1_0.contraseña,u1_0.creado_por,u1_0.disponibilidad_horas_extras,u1_0.email,u1_0.fecha_creacion,u1_0.fecha_modificacion,u1_0.localidad,u1_0.modificado_por,u1_0.nombre,u1_0.preferencias_horarias,u1_0.puesto,u1_0.rol,u1_0.telefono from usuarios u1_0 where u1_0.email=?
Hibernate: select v1_0.usuario_id,v1_0.id,v1_0.creado_por,v1_0.destino,v1_0.estado,v1_0.fecha_creacion,v1_0.fecha_modificacion,v1_0.fecha_salida,v1_0.hora_salida,v1_0.modificado_por,v1_0.origen,v1_0.plazas,v1_0.vehiculo_id from viajes v1_0 where v1_0.usuario_id=?
]]></system-out>
  </testcase>
  <testcase name="listarUsuariosConVehiculos" classname="com.calendario.trabajadores.services.user.UserServiceTest" time="0.062">
    <system-out><![CDATA[Hibernate: select u1_0.id,u1_0.activo,u1_0.apellido1,u1_0.apellido2,u1_0.centro_trabajo,u1_0.contraseña,u1_0.creado_por,u1_0.disponibilidad_horas_extras,u1_0.email,u1_0.fecha_creacion,u1_0.fecha_modificacion,u1_0.localidad,u1_0.modificado_por,u1_0.nombre,u1_0.preferencias_horarias,u1_0.puesto,u1_0.rol,u1_0.telefono,v1_0.id,v1_0.activo,v1_0.creado_por,v1_0.fecha_creacion,v1_0.fecha_modificacion,v1_0.matricula,v1_0.modelo_coche,v1_0.modificado_por,v1_0.plazas,v1_0.usuario_id from usuarios u1_0 left join vehiculos v1_0 on u1_0.id=v1_0.usuario_id
]]></system-out>
  </testcase>
  <testcase name="listarUsuariosConViajes" classname="com.calendario.trabajadores.services.user.UserServiceTest" time="0.006">
    <system-out><![CDATA[Hibernate: select u1_0.id,u1_0.activo,u1_0.apellido1,u1_0.apellido2,u1_0.centro_trabajo,u1_0.contraseña,u1_0.creado_por,u1_0.disponibilidad_horas_extras,u1_0.email,u1_0.fecha_creacion,u1_0.fecha_modificacion,u1_0.localidad,u1_0.modificado_por,u1_0.nombre,u1_0.preferencias_horarias,u1_0.puesto,u1_0.rol,u1_0.telefono from usuarios u1_0
Hibernate: select v1_0.usuario_id,v1_0.id,v1_0.creado_por,v1_0.destino,v1_0.estado,v1_0.fecha_creacion,v1_0.fecha_modificacion,v1_0.fecha_salida,v1_0.hora_salida,v1_0.modificado_por,v1_0.origen,v1_0.plazas,v1_0.vehiculo_id from viajes v1_0 where v1_0.usuario_id=?
]]></system-out>
  </testcase>
  <testcase name="borrarUsuarioDefinitivamente" classname="com.calendario.trabajadores.services.user.UserServiceTest" time="0.01">
    <system-out><![CDATA[Hibernate: select u1_0.id,u1_0.activo,u1_0.apellido1,u1_0.apellido2,u1_0.centro_trabajo,u1_0.contraseña,u1_0.creado_por,u1_0.disponibilidad_horas_extras,u1_0.email,u1_0.fecha_creacion,u1_0.fecha_modificacion,u1_0.localidad,u1_0.modificado_por,u1_0.nombre,u1_0.preferencias_horarias,u1_0.puesto,u1_0.rol,u1_0.telefono from usuarios u1_0 where u1_0.id=?
Hibernate: select uv1_0.usuario_id,uv1_0.id,uv1_0.viaje_id,v1_0.id,v1_0.usuario_id,v1_0.creado_por,v1_0.destino,v1_0.estado,v1_0.fecha_creacion,v1_0.fecha_modificacion,v1_0.fecha_salida,v1_0.hora_salida,v1_0.modificado_por,v1_0.origen,v1_0.plazas,v1_0.vehiculo_id from usuario_viaje uv1_0 left join viajes v1_0 on v1_0.id=uv1_0.viaje_id where uv1_0.usuario_id=?
Hibernate: select v1_0.usuario_id,v1_0.id,v1_0.activo,v1_0.creado_por,v1_0.fecha_creacion,v1_0.fecha_modificacion,v1_0.matricula,v1_0.modelo_coche,v1_0.modificado_por,v1_0.plazas from vehiculos v1_0 where v1_0.usuario_id=?
Hibernate: select v1_0.usuario_id,v1_0.id,v1_0.creado_por,v1_0.destino,v1_0.estado,v1_0.fecha_creacion,v1_0.fecha_modificacion,v1_0.fecha_salida,v1_0.hora_salida,v1_0.modificado_por,v1_0.origen,v1_0.plazas,v1_0.vehiculo_id from viajes v1_0 where v1_0.usuario_id=?
]]></system-out>
  </testcase>
</testsuite>